<?xml version="1.0" encoding="UTF-8"?>
<!-- Generated by org.testng.reporters.JUnitReportReporter -->
<testsuite hostname="GPS" name="Jenkins_Practice.Jenkins_Practice.jenkin" tests="1" failures="0" timestamp="2 Nov 2020 19:05:44 GMT" time="3.598" errors="0">
  <testcase name="Login" time="3.598" classname="Jenkins_Practice.Jenkins_Practice.jenkin"/>
</testsuite> <!-- Jenkins_Practice.Jenkins_Practice.jenkin -->
